<?xml version="1.0" encoding="UTF-8"?>
<testng-results ignored="0" total="1" passed="1" failed="0" skipped="0">
  <reporter-output>
  </reporter-output>
  <suite started-at="2023-03-25T16:25:01 CDT" name="Surefire suite" finished-at="2023-03-25T16:25:08 CDT" duration-ms="6625">
    <groups>
    </groups>
    <test started-at="2023-03-25T16:25:01 CDT" name="Surefire test" finished-at="2023-03-25T16:25:08 CDT" duration-ms="6625">
      <class name="cucumber.Options.TestRunner">
        <test-method signature="tmp()" started-at="2023-03-25T16:25:01 CDT" name="tmp" finished-at="2023-03-25T16:25:08 CDT" duration-ms="6537" status="PASS">
          <reporter-output>
          </reporter-output>
        </test-method> <!-- tmp -->
      </class> <!-- cucumber.Options.TestRunner -->
    </test> <!-- Surefire test -->
  </suite> <!-- Surefire suite -->
</testng-results>
